<?xml version="1.0" encoding="UTF-8"?>
<!-- Generated by org.testng.reporters.JUnitXMLReporter -->
<testsuite ignored="0" hostname="DESKTOP-14N1F2H" failures="0" tests="1" name="HomePageTest" time="0.042" errors="0" timestamp="2024-04-17T10:22:10 EDT">
  <testcase classname="com.pro.pages.TestBase" name="@BeforeTest setup" time="-1.713363729957E9">
    <failure type="org.testng.TestNGException" message="
Parameter &amp;apos;browserName&amp;apos; is required by BeforeTest on method setup but has not been marked @Optional or defined
in D:\AutomationPracticeWorkspace\FinalFramworkProject2\Runner\Firsttestng.xml">
      <![CDATA[org.testng.TestNGException: 
Parameter 'browserName' is required by BeforeTest on method setup but has not been marked @Optional or defined
in D:\AutomationPracticeWorkspace\FinalFramworkProject2\Runner\Firsttestng.xml
... Removed 21 stack frames]]>
    </failure>
  </testcase> <!-- @BeforeTest setup -->
  <testcase classname="com.pro.pages.TestBase" name="@AfterTest Teardown" time="0.0">
    <skipped/>
  </testcase> <!-- @AfterTest Teardown -->
  <testcase classname="com.pro.testcases.HomePageTest" name="TestBankManagerLogin" time="0.0">
    <skipped/>
  </testcase> <!-- TestBankManagerLogin -->
</testsuite> <!-- HomePageTest -->
