<?xml version="1.0" encoding="UTF-8"?>
<!-- Generated by org.testng.reporters.JUnitXMLReporter -->
<testsuite ignored="0" hostname="DESKTOP-14N1F2H" failures="0" tests="3" name="Test" time="0.061" errors="0" timestamp="2024-02-13T23:37:29 EST">
  <testcase classname="com.pro.rough.TwoTestBase" name="@BeforeTest setup" time="-1.707885449816E9">
    <failure type="org.testng.TestNGException" message="
Parameter &amp;apos;browserName&amp;apos; is required by BeforeTest on method setup but has not been marked @Optional or defined
in D:\AutomationPracticeWorkspace\FinalFramworkProject\Runner\testng.xml">
      <![CDATA[org.testng.TestNGException: 
Parameter 'browserName' is required by BeforeTest on method setup but has not been marked @Optional or defined
in D:\AutomationPracticeWorkspace\FinalFramworkProject\Runner\testng.xml
... Removed 21 stack frames]]>
    </failure>
  </testcase> <!-- @BeforeTest setup -->
  <testcase classname="com.pro.rough.TwoTest" name="FacebookTest" time="0.0">
    <skipped/>
  </testcase> <!-- FacebookTest -->
  <testcase classname="com.pro.rough.TwoTest" name="googleTest" time="0.0">
    <skipped/>
  </testcase> <!-- googleTest -->
  <testcase classname="com.pro.rough.TwoTest" name="hackerrankTest" time="0.0">
    <skipped/>
  </testcase> <!-- hackerrankTest -->
</testsuite> <!-- Test -->
